# JRE version: OpenJDK Runtime Environment Temurin-21.0.9+10 (21.0.9+10) (build 21.0.9+10-LTS)
# Java VM: OpenJDK 64-Bit Server VM Temurin-21.0.9+10 (21.0.9+10-LTS, mixed mode, sharing, tiered, compressed oops, compressed class ptrs, parallel gc, windows-amd64)
GC Precious Log:
 CardTable entry size: 512
 CPUs: 12 total, 12 available
 Memory: 7520M
 Large Page Support: Disabled
 NUMA Support: Disabled
 Compressed Oops: Enabled (32-bit)
 Alignments: Space 512K, Generation 512K, Heap 2M
 Heap Min Capacity: 100M
 Heap Initial Capacity: 100M
 Heap Max Capacity: 2G
 Pre-touch: Disabled
 Parallel Workers: 10
Heap:
 PSYoungGen      total 3072K, used 1182K [0x00000000d5580000, 0x00000000d5a00000, 0x0000000100000000)
  eden space 2048K, 46% used [0x00000000d5580000,0x00000000d566fa30,0x00000000d5780000)
  from space 1024K, 21% used [0x00000000d5800000,0x00000000d5838000,0x00000000d5900000)
  to   space 512K, 0% used [0x00000000d5980000,0x00000000d5980000,0x00000000d5a00000)
 ParOldGen       total 1224192K, used 1223313K [0x0000000080000000, 0x00000000cab80000, 0x00000000d5580000)
  object space 1224192K, 99% used [0x0000000080000000,0x00000000caaa4590,0x00000000cab80000)
 Metaspace       used 82624K, committed 84032K, reserved 1179648K
  class space    used 8034K, committed 8704K, reserved 1048576K
GC Heap History (20 events):
Event: 249281.062 GC heap before
{Heap before GC invocations=5995 (full 24):
 PSYoungGen      total 2560K, used 2528K [0x00000000d5580000, 0x00000000d5880000, 0x0000000100000000)
  eden space 2048K, 100% used [0x00000000d5580000,0x00000000d5780000,0x00000000d5780000)
  from space 512K, 93% used [0x00000000d5780000,0x00000000d57f8000,0x00000000d5800000)
  to   space 512K, 0% used [0x00000000d5800000,0x00000000d5800000,0x00000000d5880000)
 ParOldGen       total 1188352K, used 1187188K [0x0000000080000000, 0x00000000c8880000, 0x00000000d5580000)
  object space 1188352K, 99% used [0x0000000080000000,0x00000000c875d3c8,0x00000000c8880000)
 Metaspace       used 82609K, committed 84032K, reserved 1179648K
  class space    used 8034K, committed 8704K, reserved 1048576K
}
Event: 249281.066 GC heap after
{Heap after GC invocations=5995 (full 24):
 PSYoungGen      total 2560K, used 416K [0x00000000d5580000, 0x00000000d5880000, 0x0000000100000000)
  eden space 2048K, 0% used [0x00000000d5580000,0x00000000d5580000,0x00000000d5780000)
  from space 512K, 81% used [0x00000000d5800000,0x00000000d5868000,0x00000000d5880000)
  to   space 512K, 0% used [0x00000000d5780000,0x00000000d5780000,0x00000000d5800000)
 ParOldGen       total 1188352K, used 1187388K [0x0000000080000000, 0x00000000c8880000, 0x00000000d5580000)
  object space 1188352K, 99% used [0x0000000080000000,0x00000000c878f3c8,0x00000000c8880000)
 Metaspace       used 82609K, committed 84032K, reserved 1179648K
  class space    used 8034K, committed 8704K, reserved 1048576K
}
Event: 249562.475 GC heap before
{Heap before GC invocations=5996 (full 24):
 PSYoungGen      total 2560K, used 2463K [0x00000000d5580000, 0x00000000d5880000, 0x0000000100000000)
  eden space 2048K, 99% used [0x00000000d5580000,0x00000000d577ffe8,0x00000000d5780000)
  from space 512K, 81% used [0x00000000d5800000,0x00000000d5868000,0x00000000d5880000)
  to   space 512K, 0% used [0x00000000d5780000,0x00000000d5780000,0x00000000d5800000)
 ParOldGen       total 1188352K, used 1187388K [0x0000000080000000, 0x00000000c8880000, 0x00000000d5580000)
  object space 1188352K, 99% used [0x0000000080000000,0x00000000c878f3c8,0x00000000c8880000)
 Metaspace       used 82609K, committed 84032K, reserved 1179648K
  class space    used 8034K, committed 8704K, reserved 1048576K
}
Event: 249562.664 GC heap after
{Heap after GC invocations=5996 (full 24):
 PSYoungGen      total 2560K, used 256K [0x00000000d5580000, 0x00000000d5880000, 0x0000000100000000)
  eden space 2048K, 0% used [0x00000000d5580000,0x00000000d5580000,0x00000000d5780000)
  from space 512K, 50% used [0x00000000d5780000,0x00000000d57c0000,0x00000000d5800000)
  to   space 512K, 0% used [0x00000000d5800000,0x00000000d5800000,0x00000000d5880000)
 ParOldGen       total 1188352K, used 1187586K [0x0000000080000000, 0x00000000c8880000, 0x00000000d5580000)
  object space 1188352K, 99% used [0x0000000080000000,0x00000000c87c0b48,0x00000000c8880000)
 Metaspace       used 82609K, committed 84032K, reserved 1179648K
  class space    used 8034K, committed 8704K, reserved 1048576K
}
Event: 267647.557 GC heap before
{Heap before GC invocations=5997 (full 24):
 PSYoungGen      total 2560K, used 2304K [0x00000000d5580000, 0x00000000d5880000, 0x0000000100000000)
  eden space 2048K, 100% used [0x00000000d5580000,0x00000000d5780000,0x00000000d5780000)
  from space 512K, 50% used [0x00000000d5780000,0x00000000d57c0000,0x00000000d5800000)
  to   space 512K, 0% used [0x00000000d5800000,0x00000000d5800000,0x00000000d5880000)
 ParOldGen       total 1188352K, used 1187586K [0x0000000080000000, 0x00000000c8880000, 0x00000000d5580000)
  object space 1188352K, 99% used [0x0000000080000000,0x00000000c87c0b48,0x00000000c8880000)
 Metaspace       used 82609K, committed 84032K, reserved 1179648K
  class space    used 8034K, committed 8704K, reserved 1048576K
}
Event: 267647.739 GC heap after
{Heap after GC invocations=5997 (full 24):
 PSYoungGen      total 2560K, used 256K [0x00000000d5580000, 0x00000000d5880000, 0x0000000100000000)
  eden space 2048K, 0% used [0x00000000d5580000,0x00000000d5580000,0x00000000d5780000)
  from space 512K, 50% used [0x00000000d5800000,0x00000000d5840000,0x00000000d5880000)
  to   space 512K, 0% used [0x00000000d5780000,0x00000000d5780000,0x00000000d5800000)
 ParOldGen       total 1188352K, used 1187642K [0x0000000080000000, 0x00000000c8880000, 0x00000000d5580000)
  object space 1188352K, 99% used [0x0000000080000000,0x00000000c87ceb48,0x00000000c8880000)
 Metaspace       used 82609K, committed 84032K, reserved 1179648K
  class space    used 8034K, committed 8704K, reserved 1048576K
}
Event: 267648.576 GC heap before
{Heap before GC invocations=5998 (full 24):
 PSYoungGen      total 2560K, used 2304K [0x00000000d5580000, 0x00000000d5880000, 0x0000000100000000)
  eden space 2048K, 100% used [0x00000000d5580000,0x00000000d5780000,0x00000000d5780000)
  from space 512K, 50% used [0x00000000d5800000,0x00000000d5840000,0x00000000d5880000)
  to   space 512K, 0% used [0x00000000d5780000,0x00000000d5780000,0x00000000d5800000)
 ParOldGen       total 1188352K, used 1187642K [0x0000000080000000, 0x00000000c8880000, 0x00000000d5580000)
  object space 1188352K, 99% used [0x0000000080000000,0x00000000c87ceb48,0x00000000c8880000)
 Metaspace       used 82609K, committed 84032K, reserved 1179648K
  class space    used 8034K, committed 8704K, reserved 1048576K
}
Event: 267648.586 GC heap after
{Heap after GC invocations=5998 (full 24):
 PSYoungGen      total 2560K, used 505K [0x00000000d5580000, 0x00000000d5980000, 0x0000000100000000)
  eden space 2048K, 0% used [0x00000000d5580000,0x00000000d5580000,0x00000000d5780000)
  from space 512K, 98% used [0x00000000d5780000,0x00000000d57fe6b0,0x00000000d5800000)
  to   space 1024K, 0% used [0x00000000d5880000,0x00000000d5880000,0x00000000d5980000)
 ParOldGen       total 1188352K, used 1187850K [0x0000000080000000, 0x00000000c8880000, 0x00000000d5580000)
  object space 1188352K, 99% used [0x0000000080000000,0x00000000c8802b48,0x00000000c8880000)
 Metaspace       used 82609K, committed 84032K, reserved 1179648K
  class space    used 8034K, committed 8704K, reserved 1048576K
}
Event: 267648.836 GC heap before
{Heap before GC invocations=5999 (full 24):
 PSYoungGen      total 2560K, used 2553K [0x00000000d5580000, 0x00000000d5980000, 0x0000000100000000)
  eden space 2048K, 100% used [0x00000000d5580000,0x00000000d5780000,0x00000000d5780000)
  from space 512K, 98% used [0x00000000d5780000,0x00000000d57fe6b0,0x00000000d5800000)
  to   space 1024K, 0% used [0x00000000d5880000,0x00000000d5880000,0x00000000d5980000)
 ParOldGen       total 1188352K, used 1187850K [0x0000000080000000, 0x00000000c8880000, 0x00000000d5580000)
  object space 1188352K, 99% used [0x0000000080000000,0x00000000c8802b48,0x00000000c8880000)
 Metaspace       used 82609K, committed 84032K, reserved 1179648K
  class space    used 8034K, committed 8704K, reserved 1048576K
}
Event: 267648.846 GC heap after
{Heap after GC invocations=5999 (full 24):
 PSYoungGen      total 3072K, used 586K [0x00000000d5580000, 0x00000000d5980000, 0x0000000100000000)
  eden space 2048K, 0% used [0x00000000d5580000,0x00000000d5580000,0x00000000d5780000)
  from space 1024K, 57% used [0x00000000d5880000,0x00000000d5912ba8,0x00000000d5980000)
  to   space 1024K, 0% used [0x00000000d5780000,0x00000000d5780000,0x00000000d5880000)
 ParOldGen       total 1188352K, used 1187962K [0x0000000080000000, 0x00000000c8880000, 0x00000000d5580000)
  object space 1188352K, 99% used [0x0000000080000000,0x00000000c881eb48,0x00000000c8880000)
 Metaspace       used 82609K, committed 84032K, reserved 1179648K
  class space    used 8034K, committed 8704K, reserved 1048576K
}
Event: 267648.944 GC heap before
{Heap before GC invocations=6000 (full 24):
 PSYoungGen      total 3072K, used 2627K [0x00000000d5580000, 0x00000000d5980000, 0x0000000100000000)
  eden space 2048K, 99% used [0x00000000d5580000,0x00000000d577e0e0,0x00000000d5780000)
  from space 1024K, 57% used [0x00000000d5880000,0x00000000d5912ba8,0x00000000d5980000)
  to   space 1024K, 0% used [0x00000000d5780000,0x00000000d5780000,0x00000000d5880000)
 ParOldGen       total 1188352K, used 1187962K [0x0000000080000000, 0x00000000c8880000, 0x00000000d5580000)
  object space 1188352K, 99% used [0x0000000080000000,0x00000000c881eb48,0x00000000c8880000)
 Metaspace       used 82609K, committed 84032K, reserved 1179648K
  class space    used 8034K, committed 8704K, reserved 1048576K
}
Event: 267648.952 GC heap after
{Heap after GC invocations=6000 (full 24):
 PSYoungGen      total 3072K, used 994K [0x00000000d5580000, 0x00000000d5d80000, 0x0000000100000000)
  eden space 2048K, 0% used [0x00000000d5580000,0x00000000d5580000,0x00000000d5780000)
  from space 1024K, 97% used [0x00000000d5780000,0x00000000d5878b98,0x00000000d5880000)
  to   space 3072K, 0% used [0x00000000d5a80000,0x00000000d5a80000,0x00000000d5d80000)
 ParOldGen       total 1189376K, used 1189332K [0x0000000080000000, 0x00000000c8980000, 0x00000000d5580000)
  object space 1189376K, 99% used [0x0000000080000000,0x00000000c89752d8,0x00000000c8980000)
 Metaspace       used 82609K, committed 84032K, reserved 1179648K
  class space    used 8034K, committed 8704K, reserved 1048576K
}
Event: 267649.318 GC heap before
{Heap before GC invocations=6001 (full 24):
 PSYoungGen      total 3072K, used 3042K [0x00000000d5580000, 0x00000000d5d80000, 0x0000000100000000)
  eden space 2048K, 100% used [0x00000000d5580000,0x00000000d5780000,0x00000000d5780000)
  from space 1024K, 97% used [0x00000000d5780000,0x00000000d5878b98,0x00000000d5880000)
  to   space 3072K, 0% used [0x00000000d5a80000,0x00000000d5a80000,0x00000000d5d80000)
 ParOldGen       total 1189376K, used 1189332K [0x0000000080000000, 0x00000000c8980000, 0x00000000d5580000)
  object space 1189376K, 99% used [0x0000000080000000,0x00000000c89752d8,0x00000000c8980000)
 Metaspace       used 82609K, committed 84032K, reserved 1179648K
  class space    used 8034K, committed 8704K, reserved 1048576K
}
Event: 267649.327 GC heap after
{Heap after GC invocations=6001 (full 24):
 PSYoungGen      total 4096K, used 1991K [0x00000000d5580000, 0x00000000d5c80000, 0x0000000100000000)
  eden space 2048K, 0% used [0x00000000d5580000,0x00000000d5580000,0x00000000d5780000)
  from space 2048K, 97% used [0x00000000d5a80000,0x00000000d5c71c18,0x00000000d5c80000)
  to   space 2560K, 0% used [0x00000000d5780000,0x00000000d5780000,0x00000000d5a00000)
 ParOldGen       total 1190400K, used 1190274K [0x0000000080000000, 0x00000000c8a80000, 0x00000000d5580000)
  object space 1190400K, 99% used [0x0000000080000000,0x00000000c8a60930,0x00000000c8a80000)
 Metaspace       used 82609K, committed 84032K, reserved 1179648K
  class space    used 8034K, committed 8704K, reserved 1048576K
}
Event: 267650.083 GC heap before
{Heap before GC invocations=6002 (full 24):
 PSYoungGen      total 4096K, used 4039K [0x00000000d5580000, 0x00000000d5c80000, 0x0000000100000000)
  eden space 2048K, 100% used [0x00000000d5580000,0x00000000d5780000,0x00000000d5780000)
  from space 2048K, 97% used [0x00000000d5a80000,0x00000000d5c71c18,0x00000000d5c80000)
  to   space 2560K, 0% used [0x00000000d5780000,0x00000000d5780000,0x00000000d5a00000)
 ParOldGen       total 1190400K, used 1190274K [0x0000000080000000, 0x00000000c8a80000, 0x00000000d5580000)
  object space 1190400K, 99% used [0x0000000080000000,0x00000000c8a60930,0x00000000c8a80000)
 Metaspace       used 82609K, committed 84032K, reserved 1179648K
  class space    used 8034K, committed 8704K, reserved 1048576K
}
Event: 267650.103 GC heap after
{Heap after GC invocations=6002 (full 24):
 PSYoungGen      total 3072K, used 640K [0x00000000d5580000, 0x00000000d5b00000, 0x0000000100000000)
  eden space 2048K, 0% used [0x00000000d5580000,0x00000000d5580000,0x00000000d5780000)
  from space 1024K, 62% used [0x00000000d5780000,0x00000000d5820020,0x00000000d5880000)
  to   space 1536K, 0% used [0x00000000d5980000,0x00000000d5980000,0x00000000d5b00000)
 ParOldGen       total 1192448K, used 1192087K [0x0000000080000000, 0x00000000c8c80000, 0x00000000d5580000)
  object space 1192448K, 99% used [0x0000000080000000,0x00000000c8c25db0,0x00000000c8c80000)
 Metaspace       used 82609K, committed 84032K, reserved 1179648K
  class space    used 8034K, committed 8704K, reserved 1048576K
}
Event: 267651.047 GC heap before
{Heap before GC invocations=6003 (full 24):
 PSYoungGen      total 3072K, used 2688K [0x00000000d5580000, 0x00000000d5b00000, 0x0000000100000000)
  eden space 2048K, 100% used [0x00000000d5580000,0x00000000d5780000,0x00000000d5780000)
  from space 1024K, 62% used [0x00000000d5780000,0x00000000d5820020,0x00000000d5880000)
  to   space 1536K, 0% used [0x00000000d5980000,0x00000000d5980000,0x00000000d5b00000)
 ParOldGen       total 1224192K, used 1222807K [0x0000000080000000, 0x00000000cab80000, 0x00000000d5580000)
  object space 1224192K, 99% used [0x0000000080000000,0x00000000caa25de0,0x00000000cab80000)
 Metaspace       used 82609K, committed 84032K, reserved 1179648K
  class space    used 8034K, committed 8704K, reserved 1048576K
}
Event: 267651.059 GC heap after
{Heap after GC invocations=6003 (full 24):
 PSYoungGen      total 2560K, used 416K [0x00000000d5580000, 0x00000000d5a00000, 0x0000000100000000)
  eden space 2048K, 0% used [0x00000000d5580000,0x00000000d5580000,0x00000000d5780000)
  from space 512K, 81% used [0x00000000d5980000,0x00000000d59e8000,0x00000000d5a00000)
  to   space 1024K, 0% used [0x00000000d5800000,0x00000000d5800000,0x00000000d5900000)
 ParOldGen       total 1224192K, used 1223171K [0x0000000080000000, 0x00000000cab80000, 0x00000000d5580000)
  object space 1224192K, 99% used [0x0000000080000000,0x00000000caa80e10,0x00000000cab80000)
 Metaspace       used 82609K, committed 84032K, reserved 1179648K
  class space    used 8034K, committed 8704K, reserved 1048576K
}
Event: 267651.219 GC heap before
{Heap before GC invocations=6004 (full 24):
 PSYoungGen      total 2560K, used 2464K [0x00000000d5580000, 0x00000000d5a00000, 0x0000000100000000)
  eden space 2048K, 100% used [0x00000000d5580000,0x00000000d5780000,0x00000000d5780000)
  from space 512K, 81% used [0x00000000d5980000,0x00000000d59e8000,0x00000000d5a00000)
  to   space 1024K, 0% used [0x00000000d5800000,0x00000000d5800000,0x00000000d5900000)
 ParOldGen       total 1224192K, used 1223171K [0x0000000080000000, 0x00000000cab80000, 0x00000000d5580000)
  object space 1224192K, 99% used [0x0000000080000000,0x00000000caa80e10,0x00000000cab80000)
 Metaspace       used 82609K, committed 84032K, reserved 1179648K
  class space    used 8034K, committed 8704K, reserved 1048576K
}
Event: 267651.227 GC heap after
{Heap after GC invocations=6004 (full 24):
 PSYoungGen      total 3072K, used 224K [0x00000000d5580000, 0x00000000d5a00000, 0x0000000100000000)
  eden space 2048K, 0% used [0x00000000d5580000,0x00000000d5580000,0x00000000d5780000)
  from space 1024K, 21% used [0x00000000d5800000,0x00000000d5838000,0x00000000d5900000)
  to   space 512K, 0% used [0x00000000d5980000,0x00000000d5980000,0x00000000d5a00000)
 ParOldGen       total 1224192K, used 1223313K [0x0000000080000000, 0x00000000cab80000, 0x00000000d5580000)
  object space 1224192K, 99% used [0x0000000080000000,0x00000000caaa4590,0x00000000cab80000)
 Metaspace       used 82609K, committed 84032K, reserved 1179648K
  class space    used 8034K, committed 8704K, reserved 1048576K
}

